<?xml version="1.0" encoding="UTF-8"?>
<!-- Generated by org.testng.reporters.JUnitReportReporter -->
<testsuite skipped="0" hostname="INDHYDEWS013" name="edureka.NewTest" tests="3" failures="0" timestamp="18 Jul 2018 08:56:03 GMT" time="17.181" errors="0">
  <testcase name="testEasy" time="4.977" classname="edureka.NewTest"/>
  <testcase name="exceldata" time="1.209" classname="edureka.NewTest"/>
  <testcase name="actions" time="10.995" classname="edureka.NewTest"/>
</testsuite> <!-- edureka.NewTest -->
